[13:54:09] [Server thread/INFO]: Starting minecraft server version 1.7.10
[13:54:59] [Server thread/INFO]: Loading properties
[13:54:59] [Server thread/INFO]: Default game type: SURVIVAL
[13:54:59] [Server thread/INFO]: Generating keypair
[13:54:59] [Server thread/INFO]: Starting Minecraft server on *:25565
[13:55:40] [Server thread/INFO]: Preparing level "world"
[13:56:42] [Server thread/INFO]: Preparing start region for level 0
[13:56:43] [Server thread/INFO]: Preparing spawn area: 44%
[13:56:44] [Server thread/INFO]: Preparing spawn area: 61%
[13:56:44] [Server thread/INFO]: Done (65,409s)! For help, type "help" or "?"
[13:56:45] [Server thread/ERROR]: "Silently" catching entity tracking error.
net.minecraft.util.ReportedException: Adding entity to track
	at net.minecraft.entity.EntityTracker.func_72785_a(EntityTracker.java:230) [mn.class:?]
	at cpw.mods.fml.common.registry.EntityRegistry.tryTrackingEntity(EntityRegistry.java:364) [EntityRegistry.class:?]
	at net.minecraft.entity.EntityTracker.func_72786_a(EntityTracker.java:61) [mn.class:?]
	at net.minecraft.world.WorldManager.func_72703_a(SourceFile:31) [mp.class:?]
	at net.minecraft.world.World.func_72923_a(World.java:1347) [ahb.class:?]
	at net.minecraft.world.WorldServer.func_72923_a(WorldServer.java:844) [mt.class:?]
	at net.minecraft.world.World.func_72868_a(World.java:3304) [ahb.class:?]
	at net.minecraft.world.chunk.Chunk.func_76631_c(Chunk.java:921) [apx.class:?]
	at net.minecraftforge.common.chunkio.ChunkIOProvider.callStage2(ChunkIOProvider.java:46) [ChunkIOProvider.class:?]
	at net.minecraftforge.common.chunkio.ChunkIOProvider.callStage2(ChunkIOProvider.java:12) [ChunkIOProvider.class:?]
	at net.minecraftforge.common.util.AsynchronousExecutor.skipQueue(AsynchronousExecutor.java:344) [AsynchronousExecutor.class:?]
	at net.minecraftforge.common.util.AsynchronousExecutor.getSkipQueue(AsynchronousExecutor.java:302) [AsynchronousExecutor.class:?]
	at net.minecraftforge.common.chunkio.ChunkIOExecutor.syncChunkLoad(ChunkIOExecutor.java:12) [ChunkIOExecutor.class:?]
	at net.minecraft.world.gen.ChunkProviderServer.loadChunk(ChunkProviderServer.java:126) [ms.class:?]
	at net.minecraft.world.gen.ChunkProviderServer.func_73158_c(ChunkProviderServer.java:101) [ms.class:?]
	at net.minecraft.world.gen.ChunkProviderServer.func_73154_d(ChunkProviderServer.java:199) [ms.class:?]
	at net.minecraft.world.World.func_72964_e(World.java:419) [ahb.class:?]
	at net.minecraft.world.World.func_147438_o(World.java:2536) [ahb.class:?]
	at codechicken.chunkloader.ChunkLoaderManager$ChunkLoaderOrganiser.revive(ChunkLoaderManager.java:329) [ChunkLoaderManager$ChunkLoaderOrganiser.class:?]
	at codechicken.chunkloader.ChunkLoaderManager$ChunkLoaderOrganiser.revive(ChunkLoaderManager.java:298) [ChunkLoaderManager$ChunkLoaderOrganiser.class:?]
	at codechicken.chunkloader.ChunkLoaderManager.revivePlayerLoaders(ChunkLoaderManager.java:797) [ChunkLoaderManager.class:?]
	at codechicken.chunkloader.ChunkLoaderManager.tickEnd(ChunkLoaderManager.java:758) [ChunkLoaderManager.class:?]
	at codechicken.chunkloader.ChunkLoaderEventHandler.worldTick(ChunkLoaderEventHandler.java:32) [ChunkLoaderEventHandler.class:?]
	at cpw.mods.fml.common.eventhandler.ASMEventHandler_498_ChunkLoaderEventHandler_worldTick_WorldTickEvent.invoke(.dynamic) [?:?]
	at cpw.mods.fml.common.eventhandler.ASMEventHandler.invoke(ASMEventHandler.java:54) [ASMEventHandler.class:?]
	at cpw.mods.fml.common.eventhandler.EventBus.post(EventBus.java:138) [EventBus.class:?]
	at cpw.mods.fml.common.FMLCommonHandler.onPostWorldTick(FMLCommonHandler.java:255) [FMLCommonHandler.class:?]
	at net.minecraft.server.MinecraftServer.func_71190_q(MinecraftServer.java:645) [MinecraftServer.class:?]
	at net.minecraft.server.dedicated.DedicatedServer.func_71190_q(DedicatedServer.java:334) [lt.class:?]
	at net.minecraft.server.MinecraftServer.func_71217_p(MinecraftServer.java:547) [MinecraftServer.class:?]
	at net.minecraft.server.MinecraftServer.run(MinecraftServer.java:427) [MinecraftServer.class:?]
	at net.minecraft.server.MinecraftServer$2.run(MinecraftServer.java:685) [li.class:?]
Caused by: java.lang.IllegalStateException: Entity is already tracked!
	at net.minecraft.entity.EntityTracker.func_72785_a(EntityTracker.java:196) ~[mn.class:?]
	... 31 more
[13:56:45] [Server thread/ERROR]: "Silently" catching entity tracking error.
net.minecraft.util.ReportedException: Adding entity to track
	at net.minecraft.entity.EntityTracker.func_72785_a(EntityTracker.java:230) [mn.class:?]
	at cpw.mods.fml.common.registry.EntityRegistry.tryTrackingEntity(EntityRegistry.java:364) [EntityRegistry.class:?]
	at net.minecraft.entity.EntityTracker.func_72786_a(EntityTracker.java:61) [mn.class:?]
	at net.minecraft.world.WorldManager.func_72703_a(SourceFile:31) [mp.class:?]
	at net.minecraft.world.World.func_72923_a(World.java:1347) [ahb.class:?]
	at net.minecraft.world.WorldServer.func_72923_a(WorldServer.java:844) [mt.class:?]
	at net.minecraft.world.World.func_72868_a(World.java:3304) [ahb.class:?]
	at net.minecraft.world.chunk.Chunk.func_76631_c(Chunk.java:921) [apx.class:?]
	at net.minecraftforge.common.chunkio.ChunkIOProvider.callStage2(ChunkIOProvider.java:46) [ChunkIOProvider.class:?]
	at net.minecraftforge.common.chunkio.ChunkIOProvider.callStage2(ChunkIOProvider.java:12) [ChunkIOProvider.class:?]
	at net.minecraftforge.common.util.AsynchronousExecutor.skipQueue(AsynchronousExecutor.java:344) [AsynchronousExecutor.class:?]
	at net.minecraftforge.common.util.AsynchronousExecutor.getSkipQueue(AsynchronousExecutor.java:302) [AsynchronousExecutor.class:?]
	at net.minecraftforge.common.chunkio.ChunkIOExecutor.syncChunkLoad(ChunkIOExecutor.java:12) [ChunkIOExecutor.class:?]
	at net.minecraft.world.gen.ChunkProviderServer.loadChunk(ChunkProviderServer.java:126) [ms.class:?]
	at net.minecraft.world.gen.ChunkProviderServer.func_73158_c(ChunkProviderServer.java:101) [ms.class:?]
	at net.minecraft.world.gen.ChunkProviderServer.func_73154_d(ChunkProviderServer.java:199) [ms.class:?]
	at net.minecraft.world.World.func_72964_e(World.java:419) [ahb.class:?]
	at net.minecraft.world.World.func_147438_o(World.java:2536) [ahb.class:?]
	at codechicken.chunkloader.ChunkLoaderManager$ChunkLoaderOrganiser.revive(ChunkLoaderManager.java:329) [ChunkLoaderManager$ChunkLoaderOrganiser.class:?]
	at codechicken.chunkloader.ChunkLoaderManager$ChunkLoaderOrganiser.revive(ChunkLoaderManager.java:298) [ChunkLoaderManager$ChunkLoaderOrganiser.class:?]
	at codechicken.chunkloader.ChunkLoaderManager.revivePlayerLoaders(ChunkLoaderManager.java:797) [ChunkLoaderManager.class:?]
	at codechicken.chunkloader.ChunkLoaderManager.tickEnd(ChunkLoaderManager.java:758) [ChunkLoaderManager.class:?]
	at codechicken.chunkloader.ChunkLoaderEventHandler.worldTick(ChunkLoaderEventHandler.java:32) [ChunkLoaderEventHandler.class:?]
	at cpw.mods.fml.common.eventhandler.ASMEventHandler_498_ChunkLoaderEventHandler_worldTick_WorldTickEvent.invoke(.dynamic) [?:?]
	at cpw.mods.fml.common.eventhandler.ASMEventHandler.invoke(ASMEventHandler.java:54) [ASMEventHandler.class:?]
	at cpw.mods.fml.common.eventhandler.EventBus.post(EventBus.java:138) [EventBus.class:?]
	at cpw.mods.fml.common.FMLCommonHandler.onPostWorldTick(FMLCommonHandler.java:255) [FMLCommonHandler.class:?]
	at net.minecraft.server.MinecraftServer.func_71190_q(MinecraftServer.java:645) [MinecraftServer.class:?]
	at net.minecraft.server.dedicated.DedicatedServer.func_71190_q(DedicatedServer.java:334) [lt.class:?]
	at net.minecraft.server.MinecraftServer.func_71217_p(MinecraftServer.java:547) [MinecraftServer.class:?]
	at net.minecraft.server.MinecraftServer.run(MinecraftServer.java:427) [MinecraftServer.class:?]
	at net.minecraft.server.MinecraftServer$2.run(MinecraftServer.java:685) [li.class:?]
Caused by: java.lang.IllegalStateException: Entity is already tracked!
	at net.minecraft.entity.EntityTracker.func_72785_a(EntityTracker.java:196) ~[mn.class:?]
	... 31 more
[13:56:45] [Server thread/ERROR]: "Silently" catching entity tracking error.
net.minecraft.util.ReportedException: Adding entity to track
	at net.minecraft.entity.EntityTracker.func_72785_a(EntityTracker.java:230) [mn.class:?]
	at cpw.mods.fml.common.registry.EntityRegistry.tryTrackingEntity(EntityRegistry.java:364) [EntityRegistry.class:?]
	at net.minecraft.entity.EntityTracker.func_72786_a(EntityTracker.java:61) [mn.class:?]
	at net.minecraft.world.WorldManager.func_72703_a(SourceFile:31) [mp.class:?]
	at net.minecraft.world.World.func_72923_a(World.java:1347) [ahb.class:?]
	at net.minecraft.world.WorldServer.func_72923_a(WorldServer.java:844) [mt.class:?]
	at net.minecraft.world.World.func_72868_a(World.java:3304) [ahb.class:?]
	at net.minecraft.world.chunk.Chunk.func_76631_c(Chunk.java:921) [apx.class:?]
	at net.minecraftforge.common.chunkio.ChunkIOProvider.callStage2(ChunkIOProvider.java:46) [ChunkIOProvider.class:?]
	at net.minecraftforge.common.chunkio.ChunkIOProvider.callStage2(ChunkIOProvider.java:12) [ChunkIOProvider.class:?]
	at net.minecraftforge.common.util.AsynchronousExecutor.skipQueue(AsynchronousExecutor.java:344) [AsynchronousExecutor.class:?]
	at net.minecraftforge.common.util.AsynchronousExecutor.getSkipQueue(AsynchronousExecutor.java:302) [AsynchronousExecutor.class:?]
	at net.minecraftforge.common.chunkio.ChunkIOExecutor.syncChunkLoad(ChunkIOExecutor.java:12) [ChunkIOExecutor.class:?]
	at net.minecraft.world.gen.ChunkProviderServer.loadChunk(ChunkProviderServer.java:126) [ms.class:?]
	at net.minecraft.world.gen.ChunkProviderServer.func_73158_c(ChunkProviderServer.java:101) [ms.class:?]
	at net.minecraft.world.gen.ChunkProviderServer.func_73154_d(ChunkProviderServer.java:199) [ms.class:?]
	at net.minecraft.world.World.func_72964_e(World.java:419) [ahb.class:?]
	at net.minecraft.world.World.func_147438_o(World.java:2536) [ahb.class:?]
	at codechicken.chunkloader.ChunkLoaderManager$ChunkLoaderOrganiser.revive(ChunkLoaderManager.java:329) [ChunkLoaderManager$ChunkLoaderOrganiser.class:?]
	at codechicken.chunkloader.ChunkLoaderManager$ChunkLoaderOrganiser.revive(ChunkLoaderManager.java:298) [ChunkLoaderManager$ChunkLoaderOrganiser.class:?]
	at codechicken.chunkloader.ChunkLoaderManager.revivePlayerLoaders(ChunkLoaderManager.java:797) [ChunkLoaderManager.class:?]
	at codechicken.chunkloader.ChunkLoaderManager.tickEnd(ChunkLoaderManager.java:758) [ChunkLoaderManager.class:?]
	at codechicken.chunkloader.ChunkLoaderEventHandler.worldTick(ChunkLoaderEventHandler.java:32) [ChunkLoaderEventHandler.class:?]
	at cpw.mods.fml.common.eventhandler.ASMEventHandler_498_ChunkLoaderEventHandler_worldTick_WorldTickEvent.invoke(.dynamic) [?:?]
	at cpw.mods.fml.common.eventhandler.ASMEventHandler.invoke(ASMEventHandler.java:54) [ASMEventHandler.class:?]
	at cpw.mods.fml.common.eventhandler.EventBus.post(EventBus.java:138) [EventBus.class:?]
	at cpw.mods.fml.common.FMLCommonHandler.onPostWorldTick(FMLCommonHandler.java:255) [FMLCommonHandler.class:?]
	at net.minecraft.server.MinecraftServer.func_71190_q(MinecraftServer.java:645) [MinecraftServer.class:?]
	at net.minecraft.server.dedicated.DedicatedServer.func_71190_q(DedicatedServer.java:334) [lt.class:?]
	at net.minecraft.server.MinecraftServer.func_71217_p(MinecraftServer.java:547) [MinecraftServer.class:?]
	at net.minecraft.server.MinecraftServer.run(MinecraftServer.java:427) [MinecraftServer.class:?]
	at net.minecraft.server.MinecraftServer$2.run(MinecraftServer.java:685) [li.class:?]
Caused by: java.lang.IllegalStateException: Entity is already tracked!
	at net.minecraft.entity.EntityTracker.func_72785_a(EntityTracker.java:196) ~[mn.class:?]
	... 31 more
[13:56:45] [Server thread/ERROR]: "Silently" catching entity tracking error.
net.minecraft.util.ReportedException: Adding entity to track
	at net.minecraft.entity.EntityTracker.func_72785_a(EntityTracker.java:230) [mn.class:?]
	at cpw.mods.fml.common.registry.EntityRegistry.tryTrackingEntity(EntityRegistry.java:364) [EntityRegistry.class:?]
	at net.minecraft.entity.EntityTracker.func_72786_a(EntityTracker.java:61) [mn.class:?]
	at net.minecraft.world.WorldManager.func_72703_a(SourceFile:31) [mp.class:?]
	at net.minecraft.world.World.func_72923_a(World.java:1347) [ahb.class:?]
	at net.minecraft.world.WorldServer.func_72923_a(WorldServer.java:844) [mt.class:?]
	at net.minecraft.world.World.func_72868_a(World.java:3304) [ahb.class:?]
	at net.minecraft.world.chunk.Chunk.func_76631_c(Chunk.java:921) [apx.class:?]
	at net.minecraftforge.common.chunkio.ChunkIOProvider.callStage2(ChunkIOProvider.java:46) [ChunkIOProvider.class:?]
	at net.minecraftforge.common.chunkio.ChunkIOProvider.callStage2(ChunkIOProvider.java:12) [ChunkIOProvider.class:?]
	at net.minecraftforge.common.util.AsynchronousExecutor.skipQueue(AsynchronousExecutor.java:344) [AsynchronousExecutor.class:?]
	at net.minecraftforge.common.util.AsynchronousExecutor.getSkipQueue(AsynchronousExecutor.java:302) [AsynchronousExecutor.class:?]
	at net.minecraftforge.common.chunkio.ChunkIOExecutor.syncChunkLoad(ChunkIOExecutor.java:12) [ChunkIOExecutor.class:?]
	at net.minecraft.world.gen.ChunkProviderServer.loadChunk(ChunkProviderServer.java:126) [ms.class:?]
	at net.minecraft.world.gen.ChunkProviderServer.func_73158_c(ChunkProviderServer.java:101) [ms.class:?]
	at net.minecraft.world.gen.ChunkProviderServer.func_73154_d(ChunkProviderServer.java:199) [ms.class:?]
	at net.minecraft.world.World.func_72964_e(World.java:419) [ahb.class:?]
	at net.minecraft.world.World.func_147438_o(World.java:2536) [ahb.class:?]
	at codechicken.chunkloader.ChunkLoaderManager$ChunkLoaderOrganiser.revive(ChunkLoaderManager.java:329) [ChunkLoaderManager$ChunkLoaderOrganiser.class:?]
	at codechicken.chunkloader.ChunkLoaderManager$ChunkLoaderOrganiser.revive(ChunkLoaderManager.java:298) [ChunkLoaderManager$ChunkLoaderOrganiser.class:?]
	at codechicken.chunkloader.ChunkLoaderManager.revivePlayerLoaders(ChunkLoaderManager.java:797) [ChunkLoaderManager.class:?]
	at codechicken.chunkloader.ChunkLoaderManager.tickEnd(ChunkLoaderManager.java:758) [ChunkLoaderManager.class:?]
	at codechicken.chunkloader.ChunkLoaderEventHandler.worldTick(ChunkLoaderEventHandler.java:32) [ChunkLoaderEventHandler.class:?]
	at cpw.mods.fml.common.eventhandler.ASMEventHandler_498_ChunkLoaderEventHandler_worldTick_WorldTickEvent.invoke(.dynamic) [?:?]
	at cpw.mods.fml.common.eventhandler.ASMEventHandler.invoke(ASMEventHandler.java:54) [ASMEventHandler.class:?]
	at cpw.mods.fml.common.eventhandler.EventBus.post(EventBus.java:138) [EventBus.class:?]
	at cpw.mods.fml.common.FMLCommonHandler.onPostWorldTick(FMLCommonHandler.java:255) [FMLCommonHandler.class:?]
	at net.minecraft.server.MinecraftServer.func_71190_q(MinecraftServer.java:645) [MinecraftServer.class:?]
	at net.minecraft.server.dedicated.DedicatedServer.func_71190_q(DedicatedServer.java:334) [lt.class:?]
	at net.minecraft.server.MinecraftServer.func_71217_p(MinecraftServer.java:547) [MinecraftServer.class:?]
	at net.minecraft.server.MinecraftServer.run(MinecraftServer.java:427) [MinecraftServer.class:?]
	at net.minecraft.server.MinecraftServer$2.run(MinecraftServer.java:685) [li.class:?]
Caused by: java.lang.IllegalStateException: Entity is already tracked!
	at net.minecraft.entity.EntityTracker.func_72785_a(EntityTracker.java:196) ~[mn.class:?]
	... 31 more
[13:57:36] [User Authenticator #1/INFO]: UUID of player Seileyas is 24edf5d4-9f30-45f9-a861-9600028d6af9
[13:57:37] [Server thread/INFO]: Seileyas[/127.0.0.1:51875] logged in with entity id 1723 at (137.1085297044184, 95.0, 162.72830754234883)
[13:57:37] [Server thread/INFO]: Seileyas joined the game
[13:57:44] [Server thread/WARN]: Can't keep up! Did the system time change, or is the server overloaded? Running 2278ms behind, skipping 45 tick(s)
[14:12:25] [User Authenticator #2/INFO]: UUID of player loonylinda is 153f6663-1ae5-4e91-aac6-367fed89c21a
[14:12:26] [Server thread/INFO]: loonylinda[/207.35.24.228:49504] logged in with entity id 55299 at (1739.9784636288782, 63.0, 888.3612687782958)
[14:12:26] [Server thread/INFO]: loonylinda joined the game
[14:17:37] [Server thread/INFO]: [Seileyas: Teleported Seileyas to loonylinda]
[14:22:08] [Server thread/INFO]: [Seileyas: Teleported Seileyas to -62.5,66.5,492.5]
[14:22:38] [Server thread/INFO]: [loonylinda: Teleported loonylinda to -62.5,66.5,491.5]
[14:28:24] [Server thread/INFO]: [loonylinda: Teleported loonylinda to -245.5,68.5,215.5]
[14:28:30] [Server thread/INFO]: [Seileyas: Teleported Seileyas to loonylinda]
[14:29:19] [Server thread/INFO]: [Seileyas: Teleported Seileyas to -62.5,66.5,492.5]
[14:29:29] [Server thread/INFO]: [loonylinda: Teleported loonylinda to -62.5,66.5,491.5]
[14:30:36] [Server thread/INFO]: [loonylinda: Teleported loonylinda to -411.5,63.5,50.5]
[14:30:54] [Server thread/INFO]: [Seileyas: Teleported Seileyas to loonylinda]
[14:31:10] [Server thread/INFO]: [Seileyas: Teleported Seileyas to -62.5,66.5,492.5]
[14:33:11] [Server thread/INFO]: [Seileyas: Teleported Seileyas to loonylinda]
[14:33:36] [Server thread/INFO]: [Seileyas: Teleported Seileyas to -62.5,66.5,492.5]
[14:34:08] [Server thread/INFO]: [loonylinda: Teleported loonylinda to -62.5,66.5,491.5]
[14:48:00] [Server thread/INFO]: [loonylinda: Teleported loonylinda to 1642.5,72.5,532.5]
[14:48:29] [Server thread/INFO]: [Seileyas: Teleported Seileyas to 127.5,76.5,149.5]
[14:51:32] [Server thread/INFO]: [loonylinda: Teleported loonylinda to 94.5,111.5,167.5]
[14:56:10] [Server thread/WARN]: Seileyas moved wrongly!
[14:57:00] [Server thread/INFO]: [loonylinda: Teleported loonylinda to 1642.5,72.5,532.5]
[15:00:26] [Server thread/INFO]: [Seileyas: Stopping the server]
[15:00:27] [Server thread/INFO]: Stopping server
[15:00:27] [Server thread/INFO]: Saving players
[15:00:27] [Server thread/INFO]: Saving worlds
[15:00:27] [Server thread/INFO]: Saving chunks for level 'world'/Overworld
[15:00:27] [Server thread/INFO]: Saving chunks for level 'world'/Nether
[15:00:27] [Server thread/INFO]: Saving chunks for level 'world'/The End
[15:00:27] [Server thread/INFO]: Saving chunks for level 'world'/Underdark
[15:00:27] [Server thread/INFO]: Saving chunks for level 'world'/the Ancient Treasure Room
[15:00:27] [Server thread/INFO]: Saving chunks for level 'world'/Spirit World
[15:00:27] [Server thread/INFO]: Saving chunks for level 'world'/Torment
[15:00:27] [Server thread/INFO]: Saving chunks for level 'world'/Mirror
[15:00:27] [Server thread/INFO]: Saving chunks for level 'world'/Land of Darkness
[15:00:27] [Server thread/INFO]: Saving chunks for level 'world'/Bedrock
[15:00:27] [Server thread/INFO]: Saving chunks for level 'world'/The Outer Lands
[15:00:27] [Server thread/INFO]: Saving chunks for level 'world'/The Last Millenium
[15:00:27] [Server thread/INFO]: Saving chunks for level 'world'/Twilight Forest
[15:00:27] [Server thread/INFO]: Saving chunks for level 'world'/SpectreWorld
